
> brentfieldgate@0.1.0 dev
> next dev

 ⚠ Warning: Next.js inferred your workspace root, but it may not be correct.
 We detected multiple lockfiles and selected the directory of /Users/mac2020airm1/Desktop/work/package-lock.json as the root directory.
 To silence this warning, set `turbopack.root` in your Next.js config, or consider removing one of the lockfiles if it's not needed.
   See https://nextjs.org/docs/app/api-reference/config/next-config-js/turbopack#root-directory for more information.
 Detected additional lockfiles: 
   * /Users/mac2020airm1/Desktop/work/brentfieldgate/package-lock.json

   ▲ Next.js 16.0.7 (Turbopack)
   - Local:         http://localhost:3000
   - Network:       http://10.96.49.1:3000
   - Environments: .env.local

 ✓ Starting...
 ✓ Ready in 1388ms
 ○ Compiling / ...
 ⚠ Unsupported metadata themeColor is configured in metadata export in /. Please move it to viewport export instead.
Read more: https://nextjs.org/docs/app/api-reference/functions/generate-viewport
 ⚠ Unsupported metadata viewport is configured in metadata export in /. Please move it to viewport export instead.
Read more: https://nextjs.org/docs/app/api-reference/functions/generate-viewport
 GET / 200 in 5.4s (compile: 5.2s, render: 253ms)
 POST /api/auth/send-otp 403 in 1734ms (compile: 777ms, render: 957ms)
 POST /api/auth/send-otp 200 in 592ms (compile: 9ms, render: 583ms)
 ⚠ Unsupported metadata themeColor is configured in metadata export in /auth/verify. Please move it to viewport export instead.
Read more: https://nextjs.org/docs/app/api-reference/functions/generate-viewport
 ⚠ Unsupported metadata viewport is configured in metadata export in /auth/verify. Please move it to viewport export instead.
Read more: https://nextjs.org/docs/app/api-reference/functions/generate-viewport
 GET /auth/verify?phone=%2B2347061926019 200 in 707ms (compile: 652ms, render: 55ms)
 ⚠ Unsupported metadata themeColor is configured in metadata export in /dashboard. Please move it to viewport export instead.
Read more: https://nextjs.org/docs/app/api-reference/functions/generate-viewport
 ⚠ Unsupported metadata viewport is configured in metadata export in /dashboard. Please move it to viewport export instead.
Read more: https://nextjs.org/docs/app/api-reference/functions/generate-viewport
 GET /dashboard 200 in 1549ms (compile: 608ms, render: 941ms)
 ⚠ Unsupported metadata themeColor is configured in metadata export in /dashboard/settings. Please move it to viewport export instead.
Read more: https://nextjs.org/docs/app/api-reference/functions/generate-viewport
 ⚠ Unsupported metadata viewport is configured in metadata export in /dashboard/settings. Please move it to viewport export instead.
Read more: https://nextjs.org/docs/app/api-reference/functions/generate-viewport
 GET /dashboard/settings 200 in 457ms (compile: 425ms, render: 31ms)
 ⚠ Unsupported metadata themeColor is configured in metadata export in /dashboard. Please move it to viewport export instead.
Read more: https://nextjs.org/docs/app/api-reference/functions/generate-viewport
 ⚠ Unsupported metadata viewport is configured in metadata export in /dashboard. Please move it to viewport export instead.
Read more: https://nextjs.org/docs/app/api-reference/functions/generate-viewport
 GET /dashboard 200 in 675ms (compile: 10ms, render: 665ms)
 ⚠ Unsupported metadata themeColor is configured in metadata export in /dashboard/announcements. Please move it to viewport export instead.
Read more: https://nextjs.org/docs/app/api-reference/functions/generate-viewport
 ⚠ Unsupported metadata viewport is configured in metadata export in /dashboard/announcements. Please move it to viewport export instead.
Read more: https://nextjs.org/docs/app/api-reference/functions/generate-viewport
 GET /dashboard/announcements 200 in 1339ms (compile: 710ms, render: 629ms)
 ⚠ Unsupported metadata themeColor is configured in metadata export in /dashboard/settings. Please move it to viewport export instead.
Read more: https://nextjs.org/docs/app/api-reference/functions/generate-viewport
 ⚠ Unsupported metadata viewport is configured in metadata export in /dashboard/settings. Please move it to viewport export instead.
Read more: https://nextjs.org/docs/app/api-reference/functions/generate-viewport
 GET /dashboard/settings 200 in 37ms (compile: 12ms, render: 25ms)
 ⚠ Unsupported metadata themeColor is configured in metadata export in /dashboard/settings. Please move it to viewport export instead.
Read more: https://nextjs.org/docs/app/api-reference/functions/generate-viewport
 ⚠ Unsupported metadata viewport is configured in metadata export in /dashboard/settings. Please move it to viewport export instead.
Read more: https://nextjs.org/docs/app/api-reference/functions/generate-viewport
 GET /dashboard/settings 200 in 148ms (compile: 7ms, render: 141ms)
 ⚠ Unsupported metadata themeColor is configured in metadata export in /dashboard/announcements. Please move it to viewport export instead.
Read more: https://nextjs.org/docs/app/api-reference/functions/generate-viewport
 ⚠ Unsupported metadata viewport is configured in metadata export in /dashboard/announcements. Please move it to viewport export instead.
Read more: https://nextjs.org/docs/app/api-reference/functions/generate-viewport
 GET /dashboard/announcements 200 in 643ms (compile: 17ms, render: 626ms)
 ⚠ Unsupported metadata themeColor is configured in metadata export in /dashboard. Please move it to viewport export instead.
Read more: https://nextjs.org/docs/app/api-reference/functions/generate-viewport
 ⚠ Unsupported metadata viewport is configured in metadata export in /dashboard. Please move it to viewport export instead.
Read more: https://nextjs.org/docs/app/api-reference/functions/generate-viewport
 GET /dashboard 200 in 643ms (compile: 21ms, render: 622ms)
 ⚠ Unsupported metadata themeColor is configured in metadata export in /dashboard/announcements. Please move it to viewport export instead.
Read more: https://nextjs.org/docs/app/api-reference/functions/generate-viewport
 ⚠ Unsupported metadata viewport is configured in metadata export in /dashboard/announcements. Please move it to viewport export instead.
Read more: https://nextjs.org/docs/app/api-reference/functions/generate-viewport
 GET /dashboard/announcements 200 in 235ms (compile: 4ms, render: 231ms)
 ⚠ Unsupported metadata themeColor is configured in metadata export in /dashboard/settings. Please move it to viewport export instead.
Read more: https://nextjs.org/docs/app/api-reference/functions/generate-viewport
 ⚠ Unsupported metadata viewport is configured in metadata export in /dashboard/settings. Please move it to viewport export instead.
Read more: https://nextjs.org/docs/app/api-reference/functions/generate-viewport
 GET /dashboard/settings 200 in 21ms (compile: 4ms, render: 17ms)
 ⚠ Unsupported metadata themeColor is configured in metadata export in /dashboard/announcements. Please move it to viewport export instead.
Read more: https://nextjs.org/docs/app/api-reference/functions/generate-viewport
 ⚠ Unsupported metadata viewport is configured in metadata export in /dashboard/announcements. Please move it to viewport export instead.
Read more: https://nextjs.org/docs/app/api-reference/functions/generate-viewport
 GET /dashboard/announcements 200 in 560ms (compile: 8ms, render: 553ms)
 ⚠ Unsupported metadata themeColor is configured in metadata export in /admin. Please move it to viewport export instead.
Read more: https://nextjs.org/docs/app/api-reference/functions/generate-viewport
 ⚠ Unsupported metadata viewport is configured in metadata export in /admin. Please move it to viewport export instead.
Read more: https://nextjs.org/docs/app/api-reference/functions/generate-viewport
 GET /admin 200 in 561ms (compile: 513ms, render: 48ms)
 ⚠ Unsupported metadata themeColor is configured in metadata export in /admin. Please move it to viewport export instead.
Read more: https://nextjs.org/docs/app/api-reference/functions/generate-viewport
 ⚠ Unsupported metadata viewport is configured in metadata export in /admin. Please move it to viewport export instead.
Read more: https://nextjs.org/docs/app/api-reference/functions/generate-viewport
 GET /admin 200 in 27ms (compile: 9ms, render: 18ms)
 GET /api/cron/daily-code 200 in 858ms (compile: 286ms, render: 572ms)
 ⚠ Unsupported metadata themeColor is configured in metadata export in /dashboard/announcements. Please move it to viewport export instead.
Read more: https://nextjs.org/docs/app/api-reference/functions/generate-viewport
 ⚠ Unsupported metadata viewport is configured in metadata export in /dashboard/announcements. Please move it to viewport export instead.
Read more: https://nextjs.org/docs/app/api-reference/functions/generate-viewport
 GET /dashboard/announcements 200 in 624ms (compile: 25ms, render: 599ms)
 ⚠ Unsupported metadata themeColor is configured in metadata export in /dashboard/settings. Please move it to viewport export instead.
Read more: https://nextjs.org/docs/app/api-reference/functions/generate-viewport
 ⚠ Unsupported metadata viewport is configured in metadata export in /dashboard/settings. Please move it to viewport export instead.
Read more: https://nextjs.org/docs/app/api-reference/functions/generate-viewport
 GET /dashboard/settings 200 in 21ms (compile: 7ms, render: 14ms)
 ⚠ Unsupported metadata themeColor is configured in metadata export in /dashboard/announcements. Please move it to viewport export instead.
Read more: https://nextjs.org/docs/app/api-reference/functions/generate-viewport
 ⚠ Unsupported metadata viewport is configured in metadata export in /dashboard/announcements. Please move it to viewport export instead.
Read more: https://nextjs.org/docs/app/api-reference/functions/generate-viewport
 GET /dashboard/announcements 200 in 609ms (compile: 6ms, render: 603ms)
 ⚠ Unsupported metadata themeColor is configured in metadata export in /dashboard. Please move it to viewport export instead.
Read more: https://nextjs.org/docs/app/api-reference/functions/generate-viewport
 ⚠ Unsupported metadata viewport is configured in metadata export in /dashboard. Please move it to viewport export instead.
Read more: https://nextjs.org/docs/app/api-reference/functions/generate-viewport
 GET /dashboard 200 in 550ms (compile: 4ms, render: 545ms)
 ⚠ Unsupported metadata themeColor is configured in metadata export in /dashboard/announcements. Please move it to viewport export instead.
Read more: https://nextjs.org/docs/app/api-reference/functions/generate-viewport
 ⚠ Unsupported metadata viewport is configured in metadata export in /dashboard/announcements. Please move it to viewport export instead.
Read more: https://nextjs.org/docs/app/api-reference/functions/generate-viewport
 GET /dashboard/announcements 200 in 532ms (compile: 3ms, render: 529ms)
 ⚠ Unsupported metadata themeColor is configured in metadata export in /dashboard/settings. Please move it to viewport export instead.
Read more: https://nextjs.org/docs/app/api-reference/functions/generate-viewport
 ⚠ Unsupported metadata viewport is configured in metadata export in /dashboard/settings. Please move it to viewport export instead.
Read more: https://nextjs.org/docs/app/api-reference/functions/generate-viewport
 GET /dashboard/settings 200 in 23ms (compile: 6ms, render: 17ms)
 ⚠ Unsupported metadata themeColor is configured in metadata export in /dashboard. Please move it to viewport export instead.
Read more: https://nextjs.org/docs/app/api-reference/functions/generate-viewport
 ⚠ Unsupported metadata viewport is configured in metadata export in /dashboard. Please move it to viewport export instead.
Read more: https://nextjs.org/docs/app/api-reference/functions/generate-viewport
 GET /dashboard 200 in 565ms (compile: 5ms, render: 560ms)
 ⚠ Unsupported metadata themeColor is configured in metadata export in /dashboard/announcements. Please move it to viewport export instead.
Read more: https://nextjs.org/docs/app/api-reference/functions/generate-viewport
 ⚠ Unsupported metadata viewport is configured in metadata export in /dashboard/announcements. Please move it to viewport export instead.
Read more: https://nextjs.org/docs/app/api-reference/functions/generate-viewport
 GET /dashboard/announcements 200 in 578ms (compile: 10ms, render: 569ms)
 ⚠ Unsupported metadata themeColor is configured in metadata export in /dashboard/settings. Please move it to viewport export instead.
Read more: https://nextjs.org/docs/app/api-reference/functions/generate-viewport
 ⚠ Unsupported metadata viewport is configured in metadata export in /dashboard/settings. Please move it to viewport export instead.
Read more: https://nextjs.org/docs/app/api-reference/functions/generate-viewport
 GET /dashboard/settings 200 in 23ms (compile: 7ms, render: 16ms)
 ⚠ Unsupported metadata themeColor is configured in metadata export in /dashboard/announcements. Please move it to viewport export instead.
Read more: https://nextjs.org/docs/app/api-reference/functions/generate-viewport
 ⚠ Unsupported metadata viewport is configured in metadata export in /dashboard/announcements. Please move it to viewport export instead.
Read more: https://nextjs.org/docs/app/api-reference/functions/generate-viewport
 GET /dashboard/announcements 200 in 528ms (compile: 5ms, render: 523ms)
 ⚠ Unsupported metadata themeColor is configured in metadata export in /dashboard/settings. Please move it to viewport export instead.
Read more: https://nextjs.org/docs/app/api-reference/functions/generate-viewport
 ⚠ Unsupported metadata viewport is configured in metadata export in /dashboard/settings. Please move it to viewport export instead.
Read more: https://nextjs.org/docs/app/api-reference/functions/generate-viewport
 GET /dashboard/settings 200 in 30ms (compile: 8ms, render: 23ms)
 ⚠ Unsupported metadata themeColor is configured in metadata export in /dashboard/announcements. Please move it to viewport export instead.
Read more: https://nextjs.org/docs/app/api-reference/functions/generate-viewport
 ⚠ Unsupported metadata viewport is configured in metadata export in /dashboard/announcements. Please move it to viewport export instead.
Read more: https://nextjs.org/docs/app/api-reference/functions/generate-viewport
 GET /dashboard/announcements 200 in 530ms (compile: 4ms, render: 526ms)
 ⚠ Unsupported metadata themeColor is configured in metadata export in /. Please move it to viewport export instead.
Read more: https://nextjs.org/docs/app/api-reference/functions/generate-viewport
 ⚠ Unsupported metadata viewport is configured in metadata export in /. Please move it to viewport export instead.
Read more: https://nextjs.org/docs/app/api-reference/functions/generate-viewport
 GET / 200 in 55ms (compile: 8ms, render: 48ms)
 ✓ Compiled in 142ms
 ✓ Compiled in 69ms
 ✓ Compiled in 373ms
 ✓ Compiled in 130ms
 ⚠ Unsupported metadata themeColor is configured in metadata export in /dashboard/announcements. Please move it to viewport export instead.
Read more: https://nextjs.org/docs/app/api-reference/functions/generate-viewport
 ⚠ Unsupported metadata viewport is configured in metadata export in /dashboard/announcements. Please move it to viewport export instead.
Read more: https://nextjs.org/docs/app/api-reference/functions/generate-viewport
 GET /dashboard/announcements 200 in 1251ms (compile: 152ms, render: 1099ms)
 ⚠ Unsupported metadata themeColor is configured in metadata export in /dashboard/settings. Please move it to viewport export instead.
Read more: https://nextjs.org/docs/app/api-reference/functions/generate-viewport
 ⚠ Unsupported metadata viewport is configured in metadata export in /dashboard/settings. Please move it to viewport export instead.
Read more: https://nextjs.org/docs/app/api-reference/functions/generate-viewport
 GET /dashboard/settings 200 in 60ms (compile: 9ms, render: 51ms)
 ⚠ Unsupported metadata themeColor is configured in metadata export in /dashboard/announcements. Please move it to viewport export instead.
Read more: https://nextjs.org/docs/app/api-reference/functions/generate-viewport
 ⚠ Unsupported metadata viewport is configured in metadata export in /dashboard/announcements. Please move it to viewport export instead.
Read more: https://nextjs.org/docs/app/api-reference/functions/generate-viewport
 GET /dashboard/announcements 200 in 577ms (compile: 5ms, render: 571ms)
 ⚠ Unsupported metadata themeColor is configured in metadata export in /dashboard. Please move it to viewport export instead.
Read more: https://nextjs.org/docs/app/api-reference/functions/generate-viewport
 ⚠ Unsupported metadata viewport is configured in metadata export in /dashboard. Please move it to viewport export instead.
Read more: https://nextjs.org/docs/app/api-reference/functions/generate-viewport
 GET /dashboard 200 in 893ms (compile: 14ms, render: 879ms)
 ⚠ Unsupported metadata themeColor is configured in metadata export in /dashboard/announcements. Please move it to viewport export instead.
Read more: https://nextjs.org/docs/app/api-reference/functions/generate-viewport
 ⚠ Unsupported metadata viewport is configured in metadata export in /dashboard/announcements. Please move it to viewport export instead.
Read more: https://nextjs.org/docs/app/api-reference/functions/generate-viewport
 GET /dashboard/announcements 200 in 571ms (compile: 3ms, render: 567ms)
 ⚠ Unsupported metadata themeColor is configured in metadata export in /dashboard/settings. Please move it to viewport export instead.
Read more: https://nextjs.org/docs/app/api-reference/functions/generate-viewport
 ⚠ Unsupported metadata viewport is configured in metadata export in /dashboard/settings. Please move it to viewport export instead.
Read more: https://nextjs.org/docs/app/api-reference/functions/generate-viewport
 GET /dashboard/settings 200 in 19ms (compile: 5ms, render: 13ms)
 ⚠ Unsupported metadata themeColor is configured in metadata export in /dashboard. Please move it to viewport export instead.
Read more: https://nextjs.org/docs/app/api-reference/functions/generate-viewport
 ⚠ Unsupported metadata viewport is configured in metadata export in /dashboard. Please move it to viewport export instead.
Read more: https://nextjs.org/docs/app/api-reference/functions/generate-viewport
 GET /dashboard 200 in 563ms (compile: 4ms, render: 559ms)
 ✓ Compiled in 431ms
 ⚠ Unsupported metadata themeColor is configured in metadata export in /dashboard/announcements. Please move it to viewport export instead.
Read more: https://nextjs.org/docs/app/api-reference/functions/generate-viewport
 ⚠ Unsupported metadata viewport is configured in metadata export in /dashboard/announcements. Please move it to viewport export instead.
Read more: https://nextjs.org/docs/app/api-reference/functions/generate-viewport
 GET /dashboard/announcements 200 in 1097ms (compile: 192ms, render: 905ms)
 ⚠ Unsupported metadata themeColor is configured in metadata export in /dashboard/announcements. Please move it to viewport export instead.
Read more: https://nextjs.org/docs/app/api-reference/functions/generate-viewport
 ⚠ Unsupported metadata viewport is configured in metadata export in /dashboard/announcements. Please move it to viewport export instead.
Read more: https://nextjs.org/docs/app/api-reference/functions/generate-viewport
 GET /dashboard/announcements 200 in 345ms (compile: 5ms, render: 340ms)
 ⚠ Unsupported metadata themeColor is configured in metadata export in /dashboard/announcements. Please move it to viewport export instead.
Read more: https://nextjs.org/docs/app/api-reference/functions/generate-viewport
 ⚠ Unsupported metadata viewport is configured in metadata export in /dashboard/announcements. Please move it to viewport export instead.
Read more: https://nextjs.org/docs/app/api-reference/functions/generate-viewport
 GET /dashboard/announcements 200 in 952ms (compile: 115ms, render: 838ms)
 ✓ Compiled in 540ms
 ⚠ Unsupported metadata themeColor is configured in metadata export in /dashboard/announcements. Please move it to viewport export instead.
Read more: https://nextjs.org/docs/app/api-reference/functions/generate-viewport
 ⚠ Unsupported metadata viewport is configured in metadata export in /dashboard/announcements. Please move it to viewport export instead.
Read more: https://nextjs.org/docs/app/api-reference/functions/generate-viewport
 GET /dashboard/announcements 200 in 1008ms (compile: 184ms, render: 824ms)
 ⚠ Unsupported metadata themeColor is configured in metadata export in /dashboard/settings. Please move it to viewport export instead.
Read more: https://nextjs.org/docs/app/api-reference/functions/generate-viewport
 ⚠ Unsupported metadata viewport is configured in metadata export in /dashboard/settings. Please move it to viewport export instead.
Read more: https://nextjs.org/docs/app/api-reference/functions/generate-viewport
 GET /dashboard/settings 200 in 230ms (compile: 152ms, render: 78ms)
 ⚠ Unsupported metadata themeColor is configured in metadata export in /dashboard. Please move it to viewport export instead.
Read more: https://nextjs.org/docs/app/api-reference/functions/generate-viewport
 ⚠ Unsupported metadata viewport is configured in metadata export in /dashboard. Please move it to viewport export instead.
Read more: https://nextjs.org/docs/app/api-reference/functions/generate-viewport
 GET /dashboard 200 in 1309ms (compile: 72ms, render: 1238ms)
 ✓ Compiled in 514ms
 ⚠ Unsupported metadata themeColor is configured in metadata export in /dashboard/announcements. Please move it to viewport export instead.
Read more: https://nextjs.org/docs/app/api-reference/functions/generate-viewport
 ⚠ Unsupported metadata viewport is configured in metadata export in /dashboard/announcements. Please move it to viewport export instead.
Read more: https://nextjs.org/docs/app/api-reference/functions/generate-viewport
 GET /dashboard/announcements 200 in 1423ms (compile: 359ms, render: 1064ms)
 ✓ Compiled in 235ms
 ⚠ Unsupported metadata themeColor is configured in metadata export in /dashboard/announcements. Please move it to viewport export instead.
Read more: https://nextjs.org/docs/app/api-reference/functions/generate-viewport
 ⚠ Unsupported metadata viewport is configured in metadata export in /dashboard/announcements. Please move it to viewport export instead.
Read more: https://nextjs.org/docs/app/api-reference/functions/generate-viewport
 GET /dashboard/announcements 200 in 1013ms (compile: 180ms, render: 832ms)
 ✓ Compiled in 136ms
 ⚠ Unsupported metadata themeColor is configured in metadata export in /dashboard/announcements. Please move it to viewport export instead.
Read more: https://nextjs.org/docs/app/api-reference/functions/generate-viewport
 ⚠ Unsupported metadata viewport is configured in metadata export in /dashboard/announcements. Please move it to viewport export instead.
Read more: https://nextjs.org/docs/app/api-reference/functions/generate-viewport
 ⚠ Unsupported metadata themeColor is configured in metadata export in /dashboard/announcements. Please move it to viewport export instead.
Read more: https://nextjs.org/docs/app/api-reference/functions/generate-viewport
 ⚠ Unsupported metadata viewport is configured in metadata export in /dashboard/announcements. Please move it to viewport export instead.
Read more: https://nextjs.org/docs/app/api-reference/functions/generate-viewport
 GET /dashboard/announcements 200 in 993ms (compile: 363ms, render: 630ms)
 GET /dashboard/announcements 200 in 992ms (compile: 877ms, render: 115ms)
 ✓ Compiled in 110ms
 ⚠ Unsupported metadata themeColor is configured in metadata export in /dashboard/announcements. Please move it to viewport export instead.
Read more: https://nextjs.org/docs/app/api-reference/functions/generate-viewport
 ⚠ Unsupported metadata viewport is configured in metadata export in /dashboard/announcements. Please move it to viewport export instead.
Read more: https://nextjs.org/docs/app/api-reference/functions/generate-viewport
 GET /dashboard/announcements 200 in 1326ms (compile: 236ms, render: 1090ms)
 ✓ Compiled in 121ms
 ⚠ Unsupported metadata themeColor is configured in metadata export in /dashboard/announcements. Please move it to viewport export instead.
Read more: https://nextjs.org/docs/app/api-reference/functions/generate-viewport
 ⚠ Unsupported metadata viewport is configured in metadata export in /dashboard/announcements. Please move it to viewport export instead.
Read more: https://nextjs.org/docs/app/api-reference/functions/generate-viewport
 GET /dashboard/announcements 200 in 1192ms (compile: 224ms, render: 968ms)
 ✓ Compiled in 79ms
 ⚠ Unsupported metadata themeColor is configured in metadata export in /dashboard/announcements. Please move it to viewport export instead.
Read more: https://nextjs.org/docs/app/api-reference/functions/generate-viewport
 ⚠ Unsupported metadata viewport is configured in metadata export in /dashboard/announcements. Please move it to viewport export instead.
Read more: https://nextjs.org/docs/app/api-reference/functions/generate-viewport
 ⚠ Unsupported metadata themeColor is configured in metadata export in /dashboard/announcements. Please move it to viewport export instead.
Read more: https://nextjs.org/docs/app/api-reference/functions/generate-viewport
 ⚠ Unsupported metadata viewport is configured in metadata export in /dashboard/announcements. Please move it to viewport export instead.
Read more: https://nextjs.org/docs/app/api-reference/functions/generate-viewport
 GET /dashboard/announcements 200 in 797ms (compile: 236ms, render: 560ms)
 GET /dashboard/announcements 200 in 816ms (compile: 763ms, render: 53ms)
 ⚠ Unsupported metadata themeColor is configured in metadata export in /dashboard/announcements. Please move it to viewport export instead.
Read more: https://nextjs.org/docs/app/api-reference/functions/generate-viewport
 ⚠ Unsupported metadata viewport is configured in metadata export in /dashboard/announcements. Please move it to viewport export instead.
Read more: https://nextjs.org/docs/app/api-reference/functions/generate-viewport
 ✓ Compiled in 98ms
 ⚠ Unsupported metadata themeColor is configured in metadata export in /dashboard/announcements. Please move it to viewport export instead.
Read more: https://nextjs.org/docs/app/api-reference/functions/generate-viewport
 ⚠ Unsupported metadata viewport is configured in metadata export in /dashboard/announcements. Please move it to viewport export instead.
Read more: https://nextjs.org/docs/app/api-reference/functions/generate-viewport
 GET /dashboard/announcements 200 in 133ms (compile: 15ms, render: 118ms)
 GET /dashboard/announcements 200 in 60ms (compile: 7ms, render: 54ms)
 ⚠ Unsupported metadata themeColor is configured in metadata export in /dashboard. Please move it to viewport export instead.
Read more: https://nextjs.org/docs/app/api-reference/functions/generate-viewport
 ⚠ Unsupported metadata viewport is configured in metadata export in /dashboard. Please move it to viewport export instead.
Read more: https://nextjs.org/docs/app/api-reference/functions/generate-viewport
 GET /dashboard 200 in 981ms (compile: 154ms, render: 826ms)
 ⚠ Unsupported metadata themeColor is configured in metadata export in /dashboard/announcements. Please move it to viewport export instead.
Read more: https://nextjs.org/docs/app/api-reference/functions/generate-viewport
 ⚠ Unsupported metadata viewport is configured in metadata export in /dashboard/announcements. Please move it to viewport export instead.
Read more: https://nextjs.org/docs/app/api-reference/functions/generate-viewport
 GET /dashboard/announcements 200 in 562ms (compile: 11ms, render: 551ms)
 ⚠ Unsupported metadata themeColor is configured in metadata export in /dashboard/announcements. Please move it to viewport export instead.
Read more: https://nextjs.org/docs/app/api-reference/functions/generate-viewport
 ⚠ Unsupported metadata viewport is configured in metadata export in /dashboard/announcements. Please move it to viewport export instead.
Read more: https://nextjs.org/docs/app/api-reference/functions/generate-viewport
 GET /dashboard/announcements 200 in 762ms (compile: 24ms, render: 738ms)
 ✓ Compiled in 270ms
 ✓ Compiled in 227ms
 ⚠ Unsupported metadata themeColor is configured in metadata export in /dashboard/announcements. Please move it to viewport export instead.
Read more: https://nextjs.org/docs/app/api-reference/functions/generate-viewport
 ⚠ Unsupported metadata viewport is configured in metadata export in /dashboard/announcements. Please move it to viewport export instead.
Read more: https://nextjs.org/docs/app/api-reference/functions/generate-viewport
 ⚠ Unsupported metadata themeColor is configured in metadata export in /dashboard/announcements. Please move it to viewport export instead.
Read more: https://nextjs.org/docs/app/api-reference/functions/generate-viewport
 ⚠ Unsupported metadata viewport is configured in metadata export in /dashboard/announcements. Please move it to viewport export instead.
Read more: https://nextjs.org/docs/app/api-reference/functions/generate-viewport
 GET /dashboard/announcements 200 in 683ms (compile: 630ms, render: 52ms)
 GET /dashboard/announcements 200 in 698ms (compile: 438ms, render: 260ms)
 ✓ Compiled in 222ms
 ⚠ Unsupported metadata themeColor is configured in metadata export in /dashboard/announcements. Please move it to viewport export instead.
Read more: https://nextjs.org/docs/app/api-reference/functions/generate-viewport
 ⚠ Unsupported metadata viewport is configured in metadata export in /dashboard/announcements. Please move it to viewport export instead.
Read more: https://nextjs.org/docs/app/api-reference/functions/generate-viewport
 ⚠ Unsupported metadata themeColor is configured in metadata export in /dashboard/announcements. Please move it to viewport export instead.
Read more: https://nextjs.org/docs/app/api-reference/functions/generate-viewport
 ⚠ Unsupported metadata viewport is configured in metadata export in /dashboard/announcements. Please move it to viewport export instead.
Read more: https://nextjs.org/docs/app/api-reference/functions/generate-viewport
 GET /dashboard/announcements 200 in 383ms (compile: 27ms, render: 357ms)
 GET /dashboard/announcements 200 in 370ms (compile: 137ms, render: 233ms)
 ✓ Compiled in 391ms
 ⚠ Unsupported metadata themeColor is configured in metadata export in /dashboard. Please move it to viewport export instead.
Read more: https://nextjs.org/docs/app/api-reference/functions/generate-viewport
 ⚠ Unsupported metadata viewport is configured in metadata export in /dashboard. Please move it to viewport export instead.
Read more: https://nextjs.org/docs/app/api-reference/functions/generate-viewport
 GET /dashboard 200 in 1188ms (compile: 236ms, render: 952ms)
 ⚠ Unsupported metadata themeColor is configured in metadata export in /admin. Please move it to viewport export instead.
Read more: https://nextjs.org/docs/app/api-reference/functions/generate-viewport
 ⚠ Unsupported metadata viewport is configured in metadata export in /admin. Please move it to viewport export instead.
Read more: https://nextjs.org/docs/app/api-reference/functions/generate-viewport
 GET /admin 200 in 61ms (compile: 37ms, render: 24ms)
 ⚠ Unsupported metadata themeColor is configured in metadata export in /admin. Please move it to viewport export instead.
Read more: https://nextjs.org/docs/app/api-reference/functions/generate-viewport
 ⚠ Unsupported metadata viewport is configured in metadata export in /admin. Please move it to viewport export instead.
Read more: https://nextjs.org/docs/app/api-reference/functions/generate-viewport
 GET /admin 200 in 64ms (compile: 6ms, render: 58ms)
 ⚠ Unsupported metadata themeColor is configured in metadata export in /dashboard/announcements. Please move it to viewport export instead.
Read more: https://nextjs.org/docs/app/api-reference/functions/generate-viewport
 ⚠ Unsupported metadata viewport is configured in metadata export in /dashboard/announcements. Please move it to viewport export instead.
Read more: https://nextjs.org/docs/app/api-reference/functions/generate-viewport
 GET /dashboard/announcements 200 in 1442ms (compile: 329ms, render: 1113ms)
 ⚠ Unsupported metadata themeColor is configured in metadata export in /dashboard. Please move it to viewport export instead.
Read more: https://nextjs.org/docs/app/api-reference/functions/generate-viewport
 ⚠ Unsupported metadata viewport is configured in metadata export in /dashboard. Please move it to viewport export instead.
Read more: https://nextjs.org/docs/app/api-reference/functions/generate-viewport
 GET /dashboard 200 in 665ms (compile: 17ms, render: 648ms)
 ⚠ Unsupported metadata themeColor is configured in metadata export in /dashboard/announcements. Please move it to viewport export instead.
Read more: https://nextjs.org/docs/app/api-reference/functions/generate-viewport
 ⚠ Unsupported metadata viewport is configured in metadata export in /dashboard/announcements. Please move it to viewport export instead.
Read more: https://nextjs.org/docs/app/api-reference/functions/generate-viewport
 ⚠ Unsupported metadata themeColor is configured in metadata export in /dashboard. Please move it to viewport export instead.
Read more: https://nextjs.org/docs/app/api-reference/functions/generate-viewport
 ⚠ Unsupported metadata viewport is configured in metadata export in /dashboard. Please move it to viewport export instead.
Read more: https://nextjs.org/docs/app/api-reference/functions/generate-viewport
 ⚠ Unsupported metadata themeColor is configured in metadata export in /admin. Please move it to viewport export instead.
Read more: https://nextjs.org/docs/app/api-reference/functions/generate-viewport
 ⚠ Unsupported metadata viewport is configured in metadata export in /admin. Please move it to viewport export instead.
Read more: https://nextjs.org/docs/app/api-reference/functions/generate-viewport
 GET /admin 200 in 89ms (compile: 49ms, render: 39ms)
 GET /dashboard/announcements 200 in 717ms (compile: 458ms, render: 258ms)
 GET /dashboard 200 in 729ms (compile: 598ms, render: 131ms)
 ✓ Compiled in 200ms
 ✓ Compiled in 141ms
 ✓ Compiled in 124ms
 ⚠ Unsupported metadata themeColor is configured in metadata export in /dashboard. Please move it to viewport export instead.
Read more: https://nextjs.org/docs/app/api-reference/functions/generate-viewport
 ⚠ Unsupported metadata viewport is configured in metadata export in /dashboard. Please move it to viewport export instead.
Read more: https://nextjs.org/docs/app/api-reference/functions/generate-viewport
 ⚠ Unsupported metadata themeColor is configured in metadata export in /dashboard/announcements. Please move it to viewport export instead.
Read more: https://nextjs.org/docs/app/api-reference/functions/generate-viewport
 ⚠ Unsupported metadata viewport is configured in metadata export in /dashboard/announcements. Please move it to viewport export instead.
Read more: https://nextjs.org/docs/app/api-reference/functions/generate-viewport
 ⚠ Unsupported metadata themeColor is configured in metadata export in /admin. Please move it to viewport export instead.
Read more: https://nextjs.org/docs/app/api-reference/functions/generate-viewport
 ⚠ Unsupported metadata viewport is configured in metadata export in /admin. Please move it to viewport export instead.
Read more: https://nextjs.org/docs/app/api-reference/functions/generate-viewport
 GET /admin 200 in 508ms (compile: 460ms, render: 48ms)
 GET /dashboard 200 in 1135ms (compile: 382ms, render: 754ms)
 GET /dashboard/announcements 200 in 1178ms (compile: 822ms, render: 356ms)
 ✓ Compiled in 265ms
 ⚠ Unsupported metadata themeColor is configured in metadata export in /dashboard/announcements. Please move it to viewport export instead.
Read more: https://nextjs.org/docs/app/api-reference/functions/generate-viewport
 ⚠ Unsupported metadata viewport is configured in metadata export in /dashboard/announcements. Please move it to viewport export instead.
Read more: https://nextjs.org/docs/app/api-reference/functions/generate-viewport
 GET /dashboard/announcements 200 in 738ms (compile: 28ms, render: 710ms)
 ⚠ Unsupported metadata themeColor is configured in metadata export in /dashboard/announcements. Please move it to viewport export instead.
Read more: https://nextjs.org/docs/app/api-reference/functions/generate-viewport
 ⚠ Unsupported metadata viewport is configured in metadata export in /dashboard/announcements. Please move it to viewport export instead.
Read more: https://nextjs.org/docs/app/api-reference/functions/generate-viewport
 GET /dashboard/announcements 200 in 426ms (compile: 12ms, render: 414ms)
